<?xml version="1.0" encoding="UTF-8"?>
<!-- Generated by org.testng.reporters.JUnitReportReporter -->
<testsuite hostname="DESKTOP-OUOEL1H" failures="0" tests="1" name="automationExercises.TC05AutomationExercises" time="5.808" errors="0" timestamp="2023-10-22T09:47:03 IST" skipped="0">
  <testcase classname="automationExercises.TC05AutomationExercises" name="test1" time="5.808"/>
</testsuite> <!-- automationExercises.TC05AutomationExercises -->
